2022-05-10 14:19:43,588 [http-nio-8888-exec-9] ERROR [c.z.exceptionhandler.GlobalExceptionHandler] GlobalExceptionHandler.java:17 - 
### Error querying database.  Cause: java.sql.SQLSyntaxErrorException: Unknown column 'symptom_no' in 'field list'
### The error may exist in com/zhongshan/mapper/PublicExpenseMapper.java (best guess)
### The error may involve defaultParameterMap
### The error occurred while setting parameters
### SQL: SELECT  person_no,begin_date,end_date,in_days,charge_for_medicine,charge_for_check,charge_for_bed,other_charge,level_no,symptom_no,orga_total,person_total,submit_date,remarks,sequence_no,charge_standard  FROM public_expense
### Cause: java.sql.SQLSyntaxErrorException: Unknown column 'symptom_no' in 'field list'
; bad SQL grammar []; nested exception is java.sql.SQLSyntaxErrorException: Unknown column 'symptom_no' in 'field list'
2022-05-10 14:19:47,898 [http-nio-8888-exec-21] ERROR [c.z.exceptionhandler.GlobalExceptionHandler] GlobalExceptionHandler.java:17 - 
### Error querying database.  Cause: java.sql.SQLSyntaxErrorException: Unknown column 'symptom_no' in 'field list'
### The error may exist in com/zhongshan/mapper/PublicExpenseMapper.java (best guess)
### The error may involve defaultParameterMap
### The error occurred while setting parameters
### SQL: SELECT  person_no,begin_date,end_date,in_days,charge_for_medicine,charge_for_check,charge_for_bed,other_charge,level_no,symptom_no,orga_total,person_total,submit_date,remarks,sequence_no,charge_standard  FROM public_expense
### Cause: java.sql.SQLSyntaxErrorException: Unknown column 'symptom_no' in 'field list'
; bad SQL grammar []; nested exception is java.sql.SQLSyntaxErrorException: Unknown column 'symptom_no' in 'field list'
2022-05-10 14:20:01,896 [http-nio-8888-exec-23] ERROR [c.z.exceptionhandler.GlobalExceptionHandler] GlobalExceptionHandler.java:17 - 
### Error querying database.  Cause: java.sql.SQLSyntaxErrorException: Unknown column 'symptom_no' in 'field list'
### The error may exist in com/zhongshan/mapper/PublicExpenseMapper.java (best guess)
### The error may involve defaultParameterMap
### The error occurred while setting parameters
### SQL: SELECT  person_no,begin_date,end_date,in_days,charge_for_medicine,charge_for_check,charge_for_bed,other_charge,level_no,symptom_no,orga_total,person_total,submit_date,remarks,sequence_no,charge_standard  FROM public_expense
### Cause: java.sql.SQLSyntaxErrorException: Unknown column 'symptom_no' in 'field list'
; bad SQL grammar []; nested exception is java.sql.SQLSyntaxErrorException: Unknown column 'symptom_no' in 'field list'
2022-05-10 14:21:36,501 [http-nio-8888-exec-27] ERROR [c.z.exceptionhandler.GlobalExceptionHandler] GlobalExceptionHandler.java:17 - 
### Error querying database.  Cause: java.sql.SQLSyntaxErrorException: Unknown column 'symptom_no' in 'field list'
### The error may exist in com/zhongshan/mapper/PublicExpenseMapper.java (best guess)
### The error may involve defaultParameterMap
### The error occurred while setting parameters
### SQL: SELECT  person_no,begin_date,end_date,in_days,charge_for_medicine,charge_for_check,charge_for_bed,other_charge,level_no,symptom_no,orga_total,person_total,submit_date,remarks,sequence_no,charge_standard  FROM public_expense
### Cause: java.sql.SQLSyntaxErrorException: Unknown column 'symptom_no' in 'field list'
; bad SQL grammar []; nested exception is java.sql.SQLSyntaxErrorException: Unknown column 'symptom_no' in 'field list'
2022-05-10 14:21:43,243 [http-nio-8888-exec-28] ERROR [c.z.exceptionhandler.GlobalExceptionHandler] GlobalExceptionHandler.java:17 - 
### Error querying database.  Cause: java.sql.SQLSyntaxErrorException: Unknown column 'symptom_no' in 'field list'
### The error may exist in com/zhongshan/mapper/PublicExpenseMapper.java (best guess)
### The error may involve defaultParameterMap
### The error occurred while setting parameters
### SQL: SELECT  person_no,begin_date,end_date,in_days,charge_for_medicine,charge_for_check,charge_for_bed,other_charge,level_no,symptom_no,orga_total,person_total,submit_date,remarks,sequence_no,charge_standard  FROM public_expense
### Cause: java.sql.SQLSyntaxErrorException: Unknown column 'symptom_no' in 'field list'
; bad SQL grammar []; nested exception is java.sql.SQLSyntaxErrorException: Unknown column 'symptom_no' in 'field list'
2022-05-10 14:52:27,173 [http-nio-8888-exec-4] ERROR [c.z.exceptionhandler.GlobalExceptionHandler] GlobalExceptionHandler.java:17 - 
### Error querying database.  Cause: java.sql.SQLSyntaxErrorException: Unknown column 'symptom_no' in 'field list'
### The error may exist in com/zhongshan/mapper/PublicExpenseMapper.java (best guess)
### The error may involve defaultParameterMap
### The error occurred while setting parameters
### SQL: SELECT  person_no,begin_date,end_date,in_days,charge_for_medicine,charge_for_check,charge_for_bed,other_charge,level_no,symptom_no,orga_total,person_total,submit_date,remarks,sequence_no,charge_standard  FROM public_expense
### Cause: java.sql.SQLSyntaxErrorException: Unknown column 'symptom_no' in 'field list'
; bad SQL grammar []; nested exception is java.sql.SQLSyntaxErrorException: Unknown column 'symptom_no' in 'field list'
2022-05-10 15:00:52,595 [http-nio-8888-exec-28] ERROR [c.z.exceptionhandler.GlobalExceptionHandler] GlobalExceptionHandler.java:17 - 
### Error querying database.  Cause: java.sql.SQLSyntaxErrorException: Unknown column 'symptom_no' in 'field list'
### The error may exist in com/zhongshan/mapper/PublicExpenseMapper.java (best guess)
### The error may involve defaultParameterMap
### The error occurred while setting parameters
### SQL: SELECT  person_no,begin_date,end_date,in_days,charge_for_medicine,charge_for_check,charge_for_bed,other_charge,level_no,symptom_no,orga_total,person_total,submit_date,remarks,sequence_no,charge_standard  FROM public_expense
### Cause: java.sql.SQLSyntaxErrorException: Unknown column 'symptom_no' in 'field list'
; bad SQL grammar []; nested exception is java.sql.SQLSyntaxErrorException: Unknown column 'symptom_no' in 'field list'
2022-05-10 15:04:22,850 [http-nio-8888-exec-19] ERROR [c.z.exceptionhandler.GlobalExceptionHandler] GlobalExceptionHandler.java:17 - 
### Error querying database.  Cause: java.sql.SQLSyntaxErrorException: Unknown column 'symptom_no' in 'field list'
### The error may exist in com/zhongshan/mapper/PublicExpenseMapper.java (best guess)
### The error may involve defaultParameterMap
### The error occurred while setting parameters
### SQL: SELECT  person_no,begin_date,end_date,in_days,charge_for_medicine,charge_for_check,charge_for_bed,other_charge,level_no,symptom_no,orga_total,person_total,submit_date,remarks,sequence_no,charge_standard  FROM public_expense
### Cause: java.sql.SQLSyntaxErrorException: Unknown column 'symptom_no' in 'field list'
; bad SQL grammar []; nested exception is java.sql.SQLSyntaxErrorException: Unknown column 'symptom_no' in 'field list'
2022-05-10 15:04:28,770 [http-nio-8888-exec-5] ERROR [c.z.exceptionhandler.GlobalExceptionHandler] GlobalExceptionHandler.java:17 - 
### Error querying database.  Cause: java.sql.SQLSyntaxErrorException: Unknown column 'symptom_no' in 'field list'
### The error may exist in com/zhongshan/mapper/PublicExpenseMapper.java (best guess)
### The error may involve defaultParameterMap
### The error occurred while setting parameters
### SQL: SELECT  person_no,begin_date,end_date,in_days,charge_for_medicine,charge_for_check,charge_for_bed,other_charge,level_no,symptom_no,orga_total,person_total,submit_date,remarks,sequence_no,charge_standard  FROM public_expense
### Cause: java.sql.SQLSyntaxErrorException: Unknown column 'symptom_no' in 'field list'
; bad SQL grammar []; nested exception is java.sql.SQLSyntaxErrorException: Unknown column 'symptom_no' in 'field list'
2022-05-10 15:05:08,944 [http-nio-8888-exec-3] ERROR [c.z.exceptionhandler.GlobalExceptionHandler] GlobalExceptionHandler.java:17 - 
### Error querying database.  Cause: java.sql.SQLSyntaxErrorException: Unknown column 'symptom_no' in 'field list'
### The error may exist in com/zhongshan/mapper/PublicExpenseMapper.java (best guess)
### The error may involve defaultParameterMap
### The error occurred while setting parameters
### SQL: SELECT  person_no,begin_date,end_date,in_days,charge_for_medicine,charge_for_check,charge_for_bed,other_charge,level_no,symptom_no,orga_total,person_total,submit_date,remarks,sequence_no,charge_standard  FROM public_expense
### Cause: java.sql.SQLSyntaxErrorException: Unknown column 'symptom_no' in 'field list'
; bad SQL grammar []; nested exception is java.sql.SQLSyntaxErrorException: Unknown column 'symptom_no' in 'field list'
2022-05-10 15:05:20,350 [http-nio-8888-exec-2] ERROR [c.z.exceptionhandler.GlobalExceptionHandler] GlobalExceptionHandler.java:17 - 
### Error querying database.  Cause: java.sql.SQLSyntaxErrorException: Unknown column 'symptom_no' in 'field list'
### The error may exist in com/zhongshan/mapper/PublicExpenseMapper.java (best guess)
### The error may involve defaultParameterMap
### The error occurred while setting parameters
### SQL: SELECT  person_no,begin_date,end_date,in_days,charge_for_medicine,charge_for_check,charge_for_bed,other_charge,level_no,symptom_no,orga_total,person_total,submit_date,remarks,sequence_no,charge_standard  FROM public_expense
### Cause: java.sql.SQLSyntaxErrorException: Unknown column 'symptom_no' in 'field list'
; bad SQL grammar []; nested exception is java.sql.SQLSyntaxErrorException: Unknown column 'symptom_no' in 'field list'
2022-05-10 15:05:28,174 [http-nio-8888-exec-17] ERROR [c.z.exceptionhandler.GlobalExceptionHandler] GlobalExceptionHandler.java:17 - 
### Error querying database.  Cause: java.sql.SQLSyntaxErrorException: Unknown column 'symptom_no' in 'field list'
### The error may exist in com/zhongshan/mapper/PublicExpenseMapper.java (best guess)
### The error may involve defaultParameterMap
### The error occurred while setting parameters
### SQL: SELECT  person_no,begin_date,end_date,in_days,charge_for_medicine,charge_for_check,charge_for_bed,other_charge,level_no,symptom_no,orga_total,person_total,submit_date,remarks,sequence_no,charge_standard  FROM public_expense
### Cause: java.sql.SQLSyntaxErrorException: Unknown column 'symptom_no' in 'field list'
; bad SQL grammar []; nested exception is java.sql.SQLSyntaxErrorException: Unknown column 'symptom_no' in 'field list'
2022-05-10 15:06:19,474 [http-nio-8888-exec-22] ERROR [c.z.exceptionhandler.GlobalExceptionHandler] GlobalExceptionHandler.java:17 - 
### Error querying database.  Cause: java.sql.SQLSyntaxErrorException: Unknown column 'symptom_no' in 'field list'
### The error may exist in com/zhongshan/mapper/PublicExpenseMapper.java (best guess)
### The error may involve defaultParameterMap
### The error occurred while setting parameters
### SQL: SELECT  person_no,begin_date,end_date,in_days,charge_for_medicine,charge_for_check,charge_for_bed,other_charge,level_no,symptom_no,orga_total,person_total,submit_date,remarks,sequence_no,charge_standard  FROM public_expense
### Cause: java.sql.SQLSyntaxErrorException: Unknown column 'symptom_no' in 'field list'
; bad SQL grammar []; nested exception is java.sql.SQLSyntaxErrorException: Unknown column 'symptom_no' in 'field list'
2022-05-10 15:06:43,684 [http-nio-8888-exec-12] ERROR [c.z.exceptionhandler.GlobalExceptionHandler] GlobalExceptionHandler.java:17 - 
### Error querying database.  Cause: java.sql.SQLSyntaxErrorException: Unknown column 'symptom_no' in 'field list'
### The error may exist in com/zhongshan/mapper/PublicExpenseMapper.java (best guess)
### The error may involve defaultParameterMap
### The error occurred while setting parameters
### SQL: SELECT  person_no,begin_date,end_date,in_days,charge_for_medicine,charge_for_check,charge_for_bed,other_charge,level_no,symptom_no,orga_total,person_total,submit_date,remarks,sequence_no,charge_standard  FROM public_expense
### Cause: java.sql.SQLSyntaxErrorException: Unknown column 'symptom_no' in 'field list'
; bad SQL grammar []; nested exception is java.sql.SQLSyntaxErrorException: Unknown column 'symptom_no' in 'field list'
2022-05-10 15:08:19,075 [http-nio-8888-exec-7] ERROR [c.z.exceptionhandler.GlobalExceptionHandler] GlobalExceptionHandler.java:17 - 
### Error querying database.  Cause: java.sql.SQLSyntaxErrorException: Unknown column 'symptom_no' in 'field list'
### The error may exist in com/zhongshan/mapper/PublicExpenseMapper.java (best guess)
### The error may involve defaultParameterMap
### The error occurred while setting parameters
### SQL: SELECT  person_no,begin_date,end_date,in_days,charge_for_medicine,charge_for_check,charge_for_bed,other_charge,level_no,symptom_no,orga_total,person_total,submit_date,remarks,sequence_no,charge_standard  FROM public_expense
### Cause: java.sql.SQLSyntaxErrorException: Unknown column 'symptom_no' in 'field list'
; bad SQL grammar []; nested exception is java.sql.SQLSyntaxErrorException: Unknown column 'symptom_no' in 'field list'
2022-05-10 15:11:20,428 [http-nio-8888-exec-23] ERROR [c.z.exceptionhandler.GlobalExceptionHandler] GlobalExceptionHandler.java:17 - 
### Error querying database.  Cause: java.sql.SQLSyntaxErrorException: Unknown column 'symptom_no' in 'field list'
### The error may exist in com/zhongshan/mapper/PublicExpenseMapper.java (best guess)
### The error may involve defaultParameterMap
### The error occurred while setting parameters
### SQL: SELECT  person_no,begin_date,end_date,in_days,charge_for_medicine,charge_for_check,charge_for_bed,other_charge,level_no,symptom_no,orga_total,person_total,submit_date,remarks,sequence_no,charge_standard  FROM public_expense
### Cause: java.sql.SQLSyntaxErrorException: Unknown column 'symptom_no' in 'field list'
; bad SQL grammar []; nested exception is java.sql.SQLSyntaxErrorException: Unknown column 'symptom_no' in 'field list'
2022-05-10 15:11:25,602 [http-nio-8888-exec-24] ERROR [c.z.exceptionhandler.GlobalExceptionHandler] GlobalExceptionHandler.java:17 - 
### Error querying database.  Cause: java.sql.SQLSyntaxErrorException: Unknown column 'symptom_no' in 'field list'
### The error may exist in com/zhongshan/mapper/PublicExpenseMapper.java (best guess)
### The error may involve defaultParameterMap
### The error occurred while setting parameters
### SQL: SELECT  person_no,begin_date,end_date,in_days,charge_for_medicine,charge_for_check,charge_for_bed,other_charge,level_no,symptom_no,orga_total,person_total,submit_date,remarks,sequence_no,charge_standard  FROM public_expense
### Cause: java.sql.SQLSyntaxErrorException: Unknown column 'symptom_no' in 'field list'
; bad SQL grammar []; nested exception is java.sql.SQLSyntaxErrorException: Unknown column 'symptom_no' in 'field list'
2022-05-10 15:11:37,183 [http-nio-8888-exec-3] ERROR [c.z.exceptionhandler.GlobalExceptionHandler] GlobalExceptionHandler.java:17 - 
### Error querying database.  Cause: java.sql.SQLSyntaxErrorException: Unknown column 'symptom_no' in 'field list'
### The error may exist in com/zhongshan/mapper/PublicExpenseMapper.java (best guess)
### The error may involve defaultParameterMap
### The error occurred while setting parameters
### SQL: SELECT  person_no,begin_date,end_date,in_days,charge_for_medicine,charge_for_check,charge_for_bed,other_charge,level_no,symptom_no,orga_total,person_total,submit_date,remarks,sequence_no,charge_standard  FROM public_expense
### Cause: java.sql.SQLSyntaxErrorException: Unknown column 'symptom_no' in 'field list'
; bad SQL grammar []; nested exception is java.sql.SQLSyntaxErrorException: Unknown column 'symptom_no' in 'field list'
2022-05-10 15:11:44,411 [http-nio-8888-exec-10] ERROR [c.z.exceptionhandler.GlobalExceptionHandler] GlobalExceptionHandler.java:17 - 
### Error querying database.  Cause: java.sql.SQLSyntaxErrorException: Unknown column 'symptom_no' in 'field list'
### The error may exist in com/zhongshan/mapper/PublicExpenseMapper.java (best guess)
### The error may involve defaultParameterMap
### The error occurred while setting parameters
### SQL: SELECT  person_no,begin_date,end_date,in_days,charge_for_medicine,charge_for_check,charge_for_bed,other_charge,level_no,symptom_no,orga_total,person_total,submit_date,remarks,sequence_no,charge_standard  FROM public_expense
### Cause: java.sql.SQLSyntaxErrorException: Unknown column 'symptom_no' in 'field list'
; bad SQL grammar []; nested exception is java.sql.SQLSyntaxErrorException: Unknown column 'symptom_no' in 'field list'
2022-05-10 15:15:13,580 [http-nio-8888-exec-22] ERROR [c.z.exceptionhandler.GlobalExceptionHandler] GlobalExceptionHandler.java:17 - 
### Error querying database.  Cause: java.sql.SQLSyntaxErrorException: Unknown column 'symptom_no' in 'field list'
### The error may exist in com/zhongshan/mapper/PublicExpenseMapper.java (best guess)
### The error may involve defaultParameterMap
### The error occurred while setting parameters
### SQL: SELECT  person_no,begin_date,end_date,in_days,charge_for_medicine,charge_for_check,charge_for_bed,other_charge,level_no,symptom_no,orga_total,person_total,submit_date,remarks,sequence_no,charge_standard  FROM public_expense
### Cause: java.sql.SQLSyntaxErrorException: Unknown column 'symptom_no' in 'field list'
; bad SQL grammar []; nested exception is java.sql.SQLSyntaxErrorException: Unknown column 'symptom_no' in 'field list'
2022-05-10 15:15:31,450 [http-nio-8888-exec-13] ERROR [c.z.exceptionhandler.GlobalExceptionHandler] GlobalExceptionHandler.java:17 - 
### Error querying database.  Cause: java.sql.SQLSyntaxErrorException: Unknown column 'symptom_no' in 'field list'
### The error may exist in com/zhongshan/mapper/PublicExpenseMapper.java (best guess)
### The error may involve defaultParameterMap
### The error occurred while setting parameters
### SQL: SELECT  person_no,begin_date,end_date,in_days,charge_for_medicine,charge_for_check,charge_for_bed,other_charge,level_no,symptom_no,orga_total,person_total,submit_date,remarks,sequence_no,charge_standard  FROM public_expense
### Cause: java.sql.SQLSyntaxErrorException: Unknown column 'symptom_no' in 'field list'
; bad SQL grammar []; nested exception is java.sql.SQLSyntaxErrorException: Unknown column 'symptom_no' in 'field list'
2022-05-10 15:15:38,671 [http-nio-8888-exec-16] ERROR [c.z.exceptionhandler.GlobalExceptionHandler] GlobalExceptionHandler.java:17 - 
### Error querying database.  Cause: java.sql.SQLSyntaxErrorException: Unknown column 'symptom_no' in 'field list'
### The error may exist in com/zhongshan/mapper/PublicExpenseMapper.java (best guess)
### The error may involve defaultParameterMap
### The error occurred while setting parameters
### SQL: SELECT  person_no,begin_date,end_date,in_days,charge_for_medicine,charge_for_check,charge_for_bed,other_charge,level_no,symptom_no,orga_total,person_total,submit_date,remarks,sequence_no,charge_standard  FROM public_expense
### Cause: java.sql.SQLSyntaxErrorException: Unknown column 'symptom_no' in 'field list'
; bad SQL grammar []; nested exception is java.sql.SQLSyntaxErrorException: Unknown column 'symptom_no' in 'field list'
2022-05-10 15:16:14,457 [http-nio-8888-exec-21] ERROR [c.z.exceptionhandler.GlobalExceptionHandler] GlobalExceptionHandler.java:17 - 
### Error querying database.  Cause: java.sql.SQLSyntaxErrorException: Unknown column 'symptom_no' in 'field list'
### The error may exist in com/zhongshan/mapper/PublicExpenseMapper.java (best guess)
### The error may involve defaultParameterMap
### The error occurred while setting parameters
### SQL: SELECT  person_no,begin_date,end_date,in_days,charge_for_medicine,charge_for_check,charge_for_bed,other_charge,level_no,symptom_no,orga_total,person_total,submit_date,remarks,sequence_no,charge_standard  FROM public_expense
### Cause: java.sql.SQLSyntaxErrorException: Unknown column 'symptom_no' in 'field list'
; bad SQL grammar []; nested exception is java.sql.SQLSyntaxErrorException: Unknown column 'symptom_no' in 'field list'
2022-05-10 15:16:19,437 [http-nio-8888-exec-20] ERROR [c.z.exceptionhandler.GlobalExceptionHandler] GlobalExceptionHandler.java:17 - 
### Error querying database.  Cause: java.sql.SQLSyntaxErrorException: Unknown column 'symptom_no' in 'field list'
### The error may exist in com/zhongshan/mapper/PublicExpenseMapper.java (best guess)
### The error may involve defaultParameterMap
### The error occurred while setting parameters
### SQL: SELECT  person_no,begin_date,end_date,in_days,charge_for_medicine,charge_for_check,charge_for_bed,other_charge,level_no,symptom_no,orga_total,person_total,submit_date,remarks,sequence_no,charge_standard  FROM public_expense
### Cause: java.sql.SQLSyntaxErrorException: Unknown column 'symptom_no' in 'field list'
; bad SQL grammar []; nested exception is java.sql.SQLSyntaxErrorException: Unknown column 'symptom_no' in 'field list'
2022-05-10 15:16:26,822 [http-nio-8888-exec-23] ERROR [c.z.exceptionhandler.GlobalExceptionHandler] GlobalExceptionHandler.java:17 - 
### Error querying database.  Cause: java.sql.SQLSyntaxErrorException: Unknown column 'symptom_no' in 'field list'
### The error may exist in com/zhongshan/mapper/PublicExpenseMapper.java (best guess)
### The error may involve defaultParameterMap
### The error occurred while setting parameters
### SQL: SELECT  person_no,begin_date,end_date,in_days,charge_for_medicine,charge_for_check,charge_for_bed,other_charge,level_no,symptom_no,orga_total,person_total,submit_date,remarks,sequence_no,charge_standard  FROM public_expense
### Cause: java.sql.SQLSyntaxErrorException: Unknown column 'symptom_no' in 'field list'
; bad SQL grammar []; nested exception is java.sql.SQLSyntaxErrorException: Unknown column 'symptom_no' in 'field list'
2022-05-10 15:17:19,302 [http-nio-8888-exec-11] ERROR [c.z.exceptionhandler.GlobalExceptionHandler] GlobalExceptionHandler.java:17 - JSON parse error: Cannot deserialize value of type `java.util.Date` from String "2022-05-10T07:17:09.277Z": not a valid representation (error: Failed to parse Date value '2022-05-10T07:17:09.277Z': Unparseable date: "2022-05-10T07:17:09.277Z"); nested exception is com.fasterxml.jackson.databind.exc.InvalidFormatException: Cannot deserialize value of type `java.util.Date` from String "2022-05-10T07:17:09.277Z": not a valid representation (error: Failed to parse Date value '2022-05-10T07:17:09.277Z': Unparseable date: "2022-05-10T07:17:09.277Z")
 at [Source: (PushbackInputStream); line: 2, column: 16] (through reference chain: com.zhongshan.entity.PublicExpense["beginDate"])
2022-05-10 15:28:15,926 [http-nio-8888-exec-15] ERROR [c.z.exceptionhandler.GlobalExceptionHandler] GlobalExceptionHandler.java:17 - Required String parameter 'userId' is not present
2022-05-10 15:40:11,110 [http-nio-8888-exec-16] ERROR [c.z.exceptionhandler.GlobalExceptionHandler] GlobalExceptionHandler.java:17 - Required String parameter 'userId' is not present
2022-05-10 15:43:43,885 [http-nio-8888-exec-15] ERROR [c.z.exceptionhandler.GlobalExceptionHandler] GlobalExceptionHandler.java:17 - String index out of range: 4
2022-05-10 15:43:48,304 [http-nio-8888-exec-4] ERROR [c.z.exceptionhandler.GlobalExceptionHandler] GlobalExceptionHandler.java:17 - String index out of range: 4
2022-05-10 15:44:08,248 [http-nio-8888-exec-30] ERROR [c.z.exceptionhandler.GlobalExceptionHandler] GlobalExceptionHandler.java:17 - String index out of range: 4
2022-05-10 15:44:35,828 [http-nio-8888-exec-13] ERROR [c.z.exceptionhandler.GlobalExceptionHandler] GlobalExceptionHandler.java:17 - Index: 0, Size: 0
2022-05-10 15:50:30,005 [http-nio-8888-exec-13] ERROR [c.z.exceptionhandler.GlobalExceptionHandler] GlobalExceptionHandler.java:17 - Index: 0, Size: 0
2022-05-10 15:50:38,158 [http-nio-8888-exec-7] ERROR [c.z.exceptionhandler.GlobalExceptionHandler] GlobalExceptionHandler.java:17 - Index: 0, Size: 0
2022-05-10 15:50:44,498 [http-nio-8888-exec-22] ERROR [c.z.exceptionhandler.GlobalExceptionHandler] GlobalExceptionHandler.java:17 - Index: 0, Size: 0
2022-05-10 16:34:01,326 [http-nio-8888-exec-8] ERROR [c.z.exceptionhandler.GlobalExceptionHandler] GlobalExceptionHandler.java:17 - Date String must be not blank !
2022-05-10 16:34:02,910 [http-nio-8888-exec-4] ERROR [c.z.exceptionhandler.GlobalExceptionHandler] GlobalExceptionHandler.java:17 - Date String must be not blank !
2022-05-10 16:34:04,639 [http-nio-8888-exec-10] ERROR [c.z.exceptionhandler.GlobalExceptionHandler] GlobalExceptionHandler.java:17 - Date String must be not blank !
2022-05-10 16:34:06,206 [http-nio-8888-exec-12] ERROR [c.z.exceptionhandler.GlobalExceptionHandler] GlobalExceptionHandler.java:17 - Date String must be not blank !
2022-05-10 16:34:07,783 [http-nio-8888-exec-18] ERROR [c.z.exceptionhandler.GlobalExceptionHandler] GlobalExceptionHandler.java:17 - Date String must be not blank !
2022-05-10 16:34:19,221 [http-nio-8888-exec-15] ERROR [c.z.exceptionhandler.GlobalExceptionHandler] GlobalExceptionHandler.java:17 - Date String must be not blank !
2022-05-10 16:34:22,176 [http-nio-8888-exec-23] ERROR [c.z.exceptionhandler.GlobalExceptionHandler] GlobalExceptionHandler.java:17 - Date String must be not blank !
2022-05-10 16:34:24,660 [http-nio-8888-exec-28] ERROR [c.z.exceptionhandler.GlobalExceptionHandler] GlobalExceptionHandler.java:17 - Date String must be not blank !
2022-05-10 16:35:11,201 [http-nio-8888-exec-27] ERROR [c.z.exceptionhandler.GlobalExceptionHandler] GlobalExceptionHandler.java:17 - 
### Error updating database.  Cause: java.sql.SQLIntegrityConstraintViolationException: Column 'person_no' cannot be null
### The error may exist in com/zhongshan/mapper/PublicExpenseMapper.java (best guess)
### The error may involve com.zhongshan.mapper.PublicExpenseMapper.insert-Inline
### The error occurred while setting parameters
### SQL: INSERT INTO public_expense  ( person_no, person_name,   in_days, charge_for_medicine, charge_for_check, charge_for_bed, other_charge, level_no, symptom_no, orga_total, person_total,  remarks, sequence_no, charge_standard )  VALUES  ( ?, ?,   ?, ?, ?, ?, ?, ?, ?, ?, ?,  ?, ?, ? )
### Cause: java.sql.SQLIntegrityConstraintViolationException: Column 'person_no' cannot be null
; Column 'person_no' cannot be null; nested exception is java.sql.SQLIntegrityConstraintViolationException: Column 'person_no' cannot be null
2022-05-10 16:35:54,411 [http-nio-8888-exec-1] ERROR [c.z.exceptionhandler.GlobalExceptionHandler] GlobalExceptionHandler.java:17 - JSON parse error: Cannot deserialize value of type `java.util.Date` from String "2022-05-09": not a valid representation (error: Failed to parse Date value '2022-05-09': Unparseable date: "2022-05-09"); nested exception is com.fasterxml.jackson.databind.exc.InvalidFormatException: Cannot deserialize value of type `java.util.Date` from String "2022-05-09": not a valid representation (error: Failed to parse Date value '2022-05-09': Unparseable date: "2022-05-09")
 at [Source: (PushbackInputStream); line: 1, column: 39] (through reference chain: com.zhongshan.entity.PublicExpense["beginDate"])
2022-05-10 16:35:59,943 [http-nio-8888-exec-2] ERROR [c.z.exceptionhandler.GlobalExceptionHandler] GlobalExceptionHandler.java:17 - JSON parse error: Cannot deserialize value of type `java.util.Date` from String "2022-05-09": not a valid representation (error: Failed to parse Date value '2022-05-09': Unparseable date: "2022-05-09"); nested exception is com.fasterxml.jackson.databind.exc.InvalidFormatException: Cannot deserialize value of type `java.util.Date` from String "2022-05-09": not a valid representation (error: Failed to parse Date value '2022-05-09': Unparseable date: "2022-05-09")
 at [Source: (PushbackInputStream); line: 1, column: 39] (through reference chain: com.zhongshan.entity.PublicExpense["beginDate"])
2022-05-10 16:36:35,551 [http-nio-8888-exec-6] ERROR [c.z.exceptionhandler.GlobalExceptionHandler] GlobalExceptionHandler.java:17 - JSON parse error: Cannot deserialize value of type `java.util.Date` from String "2022-05-09": not a valid representation (error: Failed to parse Date value '2022-05-09': Unparseable date: "2022-05-09"); nested exception is com.fasterxml.jackson.databind.exc.InvalidFormatException: Cannot deserialize value of type `java.util.Date` from String "2022-05-09": not a valid representation (error: Failed to parse Date value '2022-05-09': Unparseable date: "2022-05-09")
 at [Source: (PushbackInputStream); line: 1, column: 39] (through reference chain: com.zhongshan.entity.PublicExpense["beginDate"])
2022-05-10 16:36:43,234 [http-nio-8888-exec-10] ERROR [c.z.exceptionhandler.GlobalExceptionHandler] GlobalExceptionHandler.java:17 - JSON parse error: Cannot deserialize value of type `java.util.Date` from String "2022-05-09": not a valid representation (error: Failed to parse Date value '2022-05-09': Unparseable date: "2022-05-09"); nested exception is com.fasterxml.jackson.databind.exc.InvalidFormatException: Cannot deserialize value of type `java.util.Date` from String "2022-05-09": not a valid representation (error: Failed to parse Date value '2022-05-09': Unparseable date: "2022-05-09")
 at [Source: (PushbackInputStream); line: 1, column: 39] (through reference chain: com.zhongshan.entity.PublicExpense["beginDate"])
2022-05-10 16:36:44,931 [http-nio-8888-exec-12] ERROR [c.z.exceptionhandler.GlobalExceptionHandler] GlobalExceptionHandler.java:17 - JSON parse error: Cannot deserialize value of type `java.util.Date` from String "2022-05-09": not a valid representation (error: Failed to parse Date value '2022-05-09': Unparseable date: "2022-05-09"); nested exception is com.fasterxml.jackson.databind.exc.InvalidFormatException: Cannot deserialize value of type `java.util.Date` from String "2022-05-09": not a valid representation (error: Failed to parse Date value '2022-05-09': Unparseable date: "2022-05-09")
 at [Source: (PushbackInputStream); line: 1, column: 39] (through reference chain: com.zhongshan.entity.PublicExpense["beginDate"])
2022-05-10 16:37:05,413 [http-nio-8888-exec-25] ERROR [c.z.exceptionhandler.GlobalExceptionHandler] GlobalExceptionHandler.java:17 - null
2022-05-10 16:37:42,713 [http-nio-8888-exec-14] ERROR [c.z.exceptionhandler.GlobalExceptionHandler] GlobalExceptionHandler.java:17 - 
### Error updating database.  Cause: java.sql.SQLIntegrityConstraintViolationException: Column 'person_no' cannot be null
### The error may exist in com/zhongshan/mapper/PublicExpenseMapper.java (best guess)
### The error may involve com.zhongshan.mapper.PublicExpenseMapper.insert-Inline
### The error occurred while setting parameters
### SQL: INSERT INTO public_expense  ( person_no, person_name,   in_days, charge_for_medicine, charge_for_check, charge_for_bed, other_charge, level_no, symptom_no, orga_total, person_total,  remarks, sequence_no, charge_standard )  VALUES  ( ?, ?,   ?, ?, ?, ?, ?, ?, ?, ?, ?,  ?, ?, ? )
### Cause: java.sql.SQLIntegrityConstraintViolationException: Column 'person_no' cannot be null
; Column 'person_no' cannot be null; nested exception is java.sql.SQLIntegrityConstraintViolationException: Column 'person_no' cannot be null
2022-05-10 16:37:45,942 [http-nio-8888-exec-27] ERROR [c.z.exceptionhandler.GlobalExceptionHandler] GlobalExceptionHandler.java:17 - 
### Error updating database.  Cause: java.sql.SQLIntegrityConstraintViolationException: Column 'person_no' cannot be null
### The error may exist in com/zhongshan/mapper/PublicExpenseMapper.java (best guess)
### The error may involve com.zhongshan.mapper.PublicExpenseMapper.insert-Inline
### The error occurred while setting parameters
### SQL: INSERT INTO public_expense  ( person_no, person_name,   in_days, charge_for_medicine, charge_for_check, charge_for_bed, other_charge, level_no, symptom_no, orga_total, person_total,  remarks, sequence_no, charge_standard )  VALUES  ( ?, ?,   ?, ?, ?, ?, ?, ?, ?, ?, ?,  ?, ?, ? )
### Cause: java.sql.SQLIntegrityConstraintViolationException: Column 'person_no' cannot be null
; Column 'person_no' cannot be null; nested exception is java.sql.SQLIntegrityConstraintViolationException: Column 'person_no' cannot be null
2022-05-10 16:37:48,278 [http-nio-8888-exec-16] ERROR [c.z.exceptionhandler.GlobalExceptionHandler] GlobalExceptionHandler.java:17 - 
### Error updating database.  Cause: java.sql.SQLIntegrityConstraintViolationException: Column 'person_no' cannot be null
### The error may exist in com/zhongshan/mapper/PublicExpenseMapper.java (best guess)
### The error may involve com.zhongshan.mapper.PublicExpenseMapper.insert-Inline
### The error occurred while setting parameters
### SQL: INSERT INTO public_expense  ( person_no, person_name,   in_days, charge_for_medicine, charge_for_check, charge_for_bed, other_charge, level_no, symptom_no, orga_total, person_total,  remarks, sequence_no, charge_standard )  VALUES  ( ?, ?,   ?, ?, ?, ?, ?, ?, ?, ?, ?,  ?, ?, ? )
### Cause: java.sql.SQLIntegrityConstraintViolationException: Column 'person_no' cannot be null
; Column 'person_no' cannot be null; nested exception is java.sql.SQLIntegrityConstraintViolationException: Column 'person_no' cannot be null
2022-05-10 16:37:51,283 [http-nio-8888-exec-26] ERROR [c.z.exceptionhandler.GlobalExceptionHandler] GlobalExceptionHandler.java:17 - 
### Error updating database.  Cause: java.sql.SQLIntegrityConstraintViolationException: Column 'person_no' cannot be null
### The error may exist in com/zhongshan/mapper/PublicExpenseMapper.java (best guess)
### The error may involve com.zhongshan.mapper.PublicExpenseMapper.insert-Inline
### The error occurred while setting parameters
### SQL: INSERT INTO public_expense  ( person_no, person_name,   in_days, charge_for_medicine, charge_for_check, charge_for_bed, other_charge, level_no, symptom_no, orga_total, person_total,  remarks, sequence_no, charge_standard )  VALUES  ( ?, ?,   ?, ?, ?, ?, ?, ?, ?, ?, ?,  ?, ?, ? )
### Cause: java.sql.SQLIntegrityConstraintViolationException: Column 'person_no' cannot be null
; Column 'person_no' cannot be null; nested exception is java.sql.SQLIntegrityConstraintViolationException: Column 'person_no' cannot be null
2022-05-10 16:37:53,878 [http-nio-8888-exec-17] ERROR [c.z.exceptionhandler.GlobalExceptionHandler] GlobalExceptionHandler.java:17 - null
2022-05-10 16:38:01,509 [http-nio-8888-exec-2] ERROR [c.z.exceptionhandler.GlobalExceptionHandler] GlobalExceptionHandler.java:17 - 
### Error updating database.  Cause: java.sql.SQLIntegrityConstraintViolationException: Column 'person_no' cannot be null
### The error may exist in com/zhongshan/mapper/PublicExpenseMapper.java (best guess)
### The error may involve com.zhongshan.mapper.PublicExpenseMapper.insert-Inline
### The error occurred while setting parameters
### SQL: INSERT INTO public_expense  ( person_no, person_name,   in_days, charge_for_medicine, charge_for_check, charge_for_bed, other_charge, level_no, symptom_no, orga_total, person_total,  remarks, sequence_no, charge_standard )  VALUES  ( ?, ?,   ?, ?, ?, ?, ?, ?, ?, ?, ?,  ?, ?, ? )
### Cause: java.sql.SQLIntegrityConstraintViolationException: Column 'person_no' cannot be null
; Column 'person_no' cannot be null; nested exception is java.sql.SQLIntegrityConstraintViolationException: Column 'person_no' cannot be null
2022-05-10 16:38:03,942 [http-nio-8888-exec-7] ERROR [c.z.exceptionhandler.GlobalExceptionHandler] GlobalExceptionHandler.java:17 - 
### Error updating database.  Cause: java.sql.SQLIntegrityConstraintViolationException: Column 'person_no' cannot be null
### The error may exist in com/zhongshan/mapper/PublicExpenseMapper.java (best guess)
### The error may involve com.zhongshan.mapper.PublicExpenseMapper.insert-Inline
### The error occurred while setting parameters
### SQL: INSERT INTO public_expense  ( person_no, person_name,   in_days, charge_for_medicine, charge_for_check, charge_for_bed, other_charge, level_no, symptom_no, orga_total, person_total,  remarks, sequence_no, charge_standard )  VALUES  ( ?, ?,   ?, ?, ?, ?, ?, ?, ?, ?, ?,  ?, ?, ? )
### Cause: java.sql.SQLIntegrityConstraintViolationException: Column 'person_no' cannot be null
; Column 'person_no' cannot be null; nested exception is java.sql.SQLIntegrityConstraintViolationException: Column 'person_no' cannot be null
2022-05-10 16:38:12,496 [http-nio-8888-exec-28] ERROR [c.z.exceptionhandler.GlobalExceptionHandler] GlobalExceptionHandler.java:17 - 
### Error updating database.  Cause: java.sql.SQLIntegrityConstraintViolationException: Column 'person_no' cannot be null
### The error may exist in com/zhongshan/mapper/PublicExpenseMapper.java (best guess)
### The error may involve com.zhongshan.mapper.PublicExpenseMapper.insert-Inline
### The error occurred while setting parameters
### SQL: INSERT INTO public_expense  ( person_no, person_name,   in_days, charge_for_medicine, charge_for_check, charge_for_bed, other_charge, level_no, symptom_no, orga_total, person_total,  remarks, sequence_no, charge_standard )  VALUES  ( ?, ?,   ?, ?, ?, ?, ?, ?, ?, ?, ?,  ?, ?, ? )
### Cause: java.sql.SQLIntegrityConstraintViolationException: Column 'person_no' cannot be null
; Column 'person_no' cannot be null; nested exception is java.sql.SQLIntegrityConstraintViolationException: Column 'person_no' cannot be null
2022-05-10 16:38:24,730 [http-nio-8888-exec-20] ERROR [c.z.exceptionhandler.GlobalExceptionHandler] GlobalExceptionHandler.java:17 - Date String must be not blank !
2022-05-10 16:38:28,057 [http-nio-8888-exec-29] ERROR [c.z.exceptionhandler.GlobalExceptionHandler] GlobalExceptionHandler.java:17 - Date String must be not blank !
2022-05-10 16:38:29,511 [http-nio-8888-exec-21] ERROR [c.z.exceptionhandler.GlobalExceptionHandler] GlobalExceptionHandler.java:17 - null
2022-05-10 16:38:32,173 [http-nio-8888-exec-24] ERROR [c.z.exceptionhandler.GlobalExceptionHandler] GlobalExceptionHandler.java:17 - 
### Error updating database.  Cause: java.sql.SQLIntegrityConstraintViolationException: Column 'person_no' cannot be null
### The error may exist in com/zhongshan/mapper/PublicExpenseMapper.java (best guess)
### The error may involve com.zhongshan.mapper.PublicExpenseMapper.insert-Inline
### The error occurred while setting parameters
### SQL: INSERT INTO public_expense  ( person_no, person_name,   in_days, charge_for_medicine, charge_for_check, charge_for_bed, other_charge, level_no, symptom_no, orga_total, person_total,  remarks, sequence_no, charge_standard )  VALUES  ( ?, ?,   ?, ?, ?, ?, ?, ?, ?, ?, ?,  ?, ?, ? )
### Cause: java.sql.SQLIntegrityConstraintViolationException: Column 'person_no' cannot be null
; Column 'person_no' cannot be null; nested exception is java.sql.SQLIntegrityConstraintViolationException: Column 'person_no' cannot be null
2022-05-10 16:38:34,675 [http-nio-8888-exec-14] ERROR [c.z.exceptionhandler.GlobalExceptionHandler] GlobalExceptionHandler.java:17 - 
### Error updating database.  Cause: java.sql.SQLIntegrityConstraintViolationException: Column 'person_no' cannot be null
### The error may exist in com/zhongshan/mapper/PublicExpenseMapper.java (best guess)
### The error may involve com.zhongshan.mapper.PublicExpenseMapper.insert-Inline
### The error occurred while setting parameters
### SQL: INSERT INTO public_expense  ( person_no, person_name,   in_days, charge_for_medicine, charge_for_check, charge_for_bed, other_charge, level_no, symptom_no, orga_total, person_total,  remarks, sequence_no, charge_standard )  VALUES  ( ?, ?,   ?, ?, ?, ?, ?, ?, ?, ?, ?,  ?, ?, ? )
### Cause: java.sql.SQLIntegrityConstraintViolationException: Column 'person_no' cannot be null
; Column 'person_no' cannot be null; nested exception is java.sql.SQLIntegrityConstraintViolationException: Column 'person_no' cannot be null
2022-05-10 16:38:37,416 [http-nio-8888-exec-9] ERROR [c.z.exceptionhandler.GlobalExceptionHandler] GlobalExceptionHandler.java:17 - 
### Error updating database.  Cause: java.sql.SQLIntegrityConstraintViolationException: Column 'person_no' cannot be null
### The error may exist in com/zhongshan/mapper/PublicExpenseMapper.java (best guess)
### The error may involve com.zhongshan.mapper.PublicExpenseMapper.insert-Inline
### The error occurred while setting parameters
### SQL: INSERT INTO public_expense  ( person_no, person_name,   in_days, charge_for_medicine, charge_for_check, charge_for_bed, other_charge, level_no, symptom_no, orga_total, person_total,  remarks, sequence_no, charge_standard )  VALUES  ( ?, ?,   ?, ?, ?, ?, ?, ?, ?, ?, ?,  ?, ?, ? )
### Cause: java.sql.SQLIntegrityConstraintViolationException: Column 'person_no' cannot be null
; Column 'person_no' cannot be null; nested exception is java.sql.SQLIntegrityConstraintViolationException: Column 'person_no' cannot be null
2022-05-10 16:38:37,640 [http-nio-8888-exec-27] ERROR [c.z.exceptionhandler.GlobalExceptionHandler] GlobalExceptionHandler.java:17 - Date String must be not blank !
2022-05-10 16:39:01,602 [http-nio-8888-exec-17] ERROR [c.z.exceptionhandler.GlobalExceptionHandler] GlobalExceptionHandler.java:17 - Date String must be not blank !
2022-05-10 16:39:04,017 [http-nio-8888-exec-1] ERROR [c.z.exceptionhandler.GlobalExceptionHandler] GlobalExceptionHandler.java:17 - Date String must be not blank !
2022-05-10 16:39:46,900 [http-nio-8888-exec-4] ERROR [c.z.exceptionhandler.GlobalExceptionHandler] GlobalExceptionHandler.java:17 - JSON parse error: Cannot deserialize value of type `java.util.Date` from String "2022-05-09": not a valid representation (error: Failed to parse Date value '2022-05-09': Unparseable date: "2022-05-09"); nested exception is com.fasterxml.jackson.databind.exc.InvalidFormatException: Cannot deserialize value of type `java.util.Date` from String "2022-05-09": not a valid representation (error: Failed to parse Date value '2022-05-09': Unparseable date: "2022-05-09")
 at [Source: (PushbackInputStream); line: 1, column: 39] (through reference chain: com.zhongshan.entity.PublicExpense["beginDate"])
2022-05-10 16:39:48,028 [http-nio-8888-exec-6] ERROR [c.z.exceptionhandler.GlobalExceptionHandler] GlobalExceptionHandler.java:17 - JSON parse error: Cannot deserialize value of type `java.util.Date` from String "2022-05-09": not a valid representation (error: Failed to parse Date value '2022-05-09': Unparseable date: "2022-05-09"); nested exception is com.fasterxml.jackson.databind.exc.InvalidFormatException: Cannot deserialize value of type `java.util.Date` from String "2022-05-09": not a valid representation (error: Failed to parse Date value '2022-05-09': Unparseable date: "2022-05-09")
 at [Source: (PushbackInputStream); line: 1, column: 39] (through reference chain: com.zhongshan.entity.PublicExpense["beginDate"])
2022-05-10 16:39:48,210 [http-nio-8888-exec-10] ERROR [c.z.exceptionhandler.GlobalExceptionHandler] GlobalExceptionHandler.java:17 - JSON parse error: Cannot deserialize value of type `java.util.Date` from String "2022-05-09": not a valid representation (error: Failed to parse Date value '2022-05-09': Unparseable date: "2022-05-09"); nested exception is com.fasterxml.jackson.databind.exc.InvalidFormatException: Cannot deserialize value of type `java.util.Date` from String "2022-05-09": not a valid representation (error: Failed to parse Date value '2022-05-09': Unparseable date: "2022-05-09")
 at [Source: (PushbackInputStream); line: 1, column: 39] (through reference chain: com.zhongshan.entity.PublicExpense["beginDate"])
2022-05-10 16:39:48,398 [http-nio-8888-exec-12] ERROR [c.z.exceptionhandler.GlobalExceptionHandler] GlobalExceptionHandler.java:17 - JSON parse error: Cannot deserialize value of type `java.util.Date` from String "2022-05-09": not a valid representation (error: Failed to parse Date value '2022-05-09': Unparseable date: "2022-05-09"); nested exception is com.fasterxml.jackson.databind.exc.InvalidFormatException: Cannot deserialize value of type `java.util.Date` from String "2022-05-09": not a valid representation (error: Failed to parse Date value '2022-05-09': Unparseable date: "2022-05-09")
 at [Source: (PushbackInputStream); line: 1, column: 39] (through reference chain: com.zhongshan.entity.PublicExpense["beginDate"])
2022-05-10 16:39:48,575 [http-nio-8888-exec-15] ERROR [c.z.exceptionhandler.GlobalExceptionHandler] GlobalExceptionHandler.java:17 - JSON parse error: Cannot deserialize value of type `java.util.Date` from String "2022-05-09": not a valid representation (error: Failed to parse Date value '2022-05-09': Unparseable date: "2022-05-09"); nested exception is com.fasterxml.jackson.databind.exc.InvalidFormatException: Cannot deserialize value of type `java.util.Date` from String "2022-05-09": not a valid representation (error: Failed to parse Date value '2022-05-09': Unparseable date: "2022-05-09")
 at [Source: (PushbackInputStream); line: 1, column: 39] (through reference chain: com.zhongshan.entity.PublicExpense["beginDate"])
2022-05-10 16:40:12,733 [http-nio-8888-exec-29] ERROR [c.z.exceptionhandler.GlobalExceptionHandler] GlobalExceptionHandler.java:17 - 
### Error updating database.  Cause: java.sql.SQLIntegrityConstraintViolationException: Column 'person_no' cannot be null
### The error may exist in com/zhongshan/mapper/PublicExpenseMapper.java (best guess)
### The error may involve com.zhongshan.mapper.PublicExpenseMapper.insert-Inline
### The error occurred while setting parameters
### SQL: INSERT INTO public_expense  ( person_no, person_name,   in_days, charge_for_medicine, charge_for_check, charge_for_bed, other_charge, level_no, symptom_no, orga_total, person_total,  remarks, sequence_no, charge_standard )  VALUES  ( ?, ?,   ?, ?, ?, ?, ?, ?, ?, ?, ?,  ?, ?, ? )
### Cause: java.sql.SQLIntegrityConstraintViolationException: Column 'person_no' cannot be null
; Column 'person_no' cannot be null; nested exception is java.sql.SQLIntegrityConstraintViolationException: Column 'person_no' cannot be null
2022-05-10 16:40:19,072 [http-nio-8888-exec-21] ERROR [c.z.exceptionhandler.GlobalExceptionHandler] GlobalExceptionHandler.java:17 - Date String must be not blank !
2022-05-10 16:40:34,078 [http-nio-8888-exec-24] ERROR [c.z.exceptionhandler.GlobalExceptionHandler] GlobalExceptionHandler.java:17 - 
### Error updating database.  Cause: java.sql.SQLIntegrityConstraintViolationException: Column 'person_no' cannot be null
### The error may exist in com/zhongshan/mapper/PublicExpenseMapper.java (best guess)
### The error may involve com.zhongshan.mapper.PublicExpenseMapper.insert-Inline
### The error occurred while setting parameters
### SQL: INSERT INTO public_expense  ( person_no, person_name,   in_days, charge_for_medicine, charge_for_check, charge_for_bed, other_charge, level_no, symptom_no, orga_total, person_total,  remarks, sequence_no, charge_standard )  VALUES  ( ?, ?,   ?, ?, ?, ?, ?, ?, ?, ?, ?,  ?, ?, ? )
### Cause: java.sql.SQLIntegrityConstraintViolationException: Column 'person_no' cannot be null
; Column 'person_no' cannot be null; nested exception is java.sql.SQLIntegrityConstraintViolationException: Column 'person_no' cannot be null
2022-05-10 16:41:01,875 [http-nio-8888-exec-27] ERROR [c.z.exceptionhandler.GlobalExceptionHandler] GlobalExceptionHandler.java:17 - 
### Error updating database.  Cause: java.sql.SQLIntegrityConstraintViolationException: Column 'person_no' cannot be null
### The error may exist in com/zhongshan/mapper/PublicExpenseMapper.java (best guess)
### The error may involve com.zhongshan.mapper.PublicExpenseMapper.insert-Inline
### The error occurred while setting parameters
### SQL: INSERT INTO public_expense  ( person_no, person_name,   in_days, charge_for_medicine, charge_for_check, charge_for_bed, other_charge, level_no, symptom_no, orga_total, person_total,  remarks, sequence_no, charge_standard )  VALUES  ( ?, ?,   ?, ?, ?, ?, ?, ?, ?, ?, ?,  ?, ?, ? )
### Cause: java.sql.SQLIntegrityConstraintViolationException: Column 'person_no' cannot be null
; Column 'person_no' cannot be null; nested exception is java.sql.SQLIntegrityConstraintViolationException: Column 'person_no' cannot be null
2022-05-10 16:41:06,899 [http-nio-8888-exec-16] ERROR [c.z.exceptionhandler.GlobalExceptionHandler] GlobalExceptionHandler.java:17 - 
### Error updating database.  Cause: java.sql.SQLIntegrityConstraintViolationException: Column 'person_no' cannot be null
### The error may exist in com/zhongshan/mapper/PublicExpenseMapper.java (best guess)
### The error may involve com.zhongshan.mapper.PublicExpenseMapper.insert-Inline
### The error occurred while setting parameters
### SQL: INSERT INTO public_expense  ( person_no, person_name,   in_days, charge_for_medicine, charge_for_check, charge_for_bed, other_charge, level_no, symptom_no, orga_total, person_total,  remarks, sequence_no, charge_standard )  VALUES  ( ?, ?,   ?, ?, ?, ?, ?, ?, ?, ?, ?,  ?, ?, ? )
### Cause: java.sql.SQLIntegrityConstraintViolationException: Column 'person_no' cannot be null
; Column 'person_no' cannot be null; nested exception is java.sql.SQLIntegrityConstraintViolationException: Column 'person_no' cannot be null
2022-05-10 16:41:23,959 [http-nio-8888-exec-1] ERROR [c.z.exceptionhandler.GlobalExceptionHandler] GlobalExceptionHandler.java:17 - JSON parse error: Cannot deserialize value of type `java.util.Date` from String "2022-05-10": not a valid representation (error: Failed to parse Date value '2022-05-10': Unparseable date: "2022-05-10"); nested exception is com.fasterxml.jackson.databind.exc.InvalidFormatException: Cannot deserialize value of type `java.util.Date` from String "2022-05-10": not a valid representation (error: Failed to parse Date value '2022-05-10': Unparseable date: "2022-05-10")
 at [Source: (PushbackInputStream); line: 1, column: 39] (through reference chain: com.zhongshan.entity.PublicExpense["beginDate"])
2022-05-10 16:41:31,412 [http-nio-8888-exec-2] ERROR [c.z.exceptionhandler.GlobalExceptionHandler] GlobalExceptionHandler.java:17 - JSON parse error: Cannot deserialize value of type `java.util.Date` from String "2022-05-10": not a valid representation (error: Failed to parse Date value '2022-05-10': Unparseable date: "2022-05-10"); nested exception is com.fasterxml.jackson.databind.exc.InvalidFormatException: Cannot deserialize value of type `java.util.Date` from String "2022-05-10": not a valid representation (error: Failed to parse Date value '2022-05-10': Unparseable date: "2022-05-10")
 at [Source: (PushbackInputStream); line: 1, column: 39] (through reference chain: com.zhongshan.entity.PublicExpense["beginDate"])
2022-05-10 16:41:40,527 [http-nio-8888-exec-8] ERROR [c.z.exceptionhandler.GlobalExceptionHandler] GlobalExceptionHandler.java:17 - JSON parse error: Cannot deserialize value of type `java.util.Date` from String "2022-05-10": not a valid representation (error: Failed to parse Date value '2022-05-10': Unparseable date: "2022-05-10"); nested exception is com.fasterxml.jackson.databind.exc.InvalidFormatException: Cannot deserialize value of type `java.util.Date` from String "2022-05-10": not a valid representation (error: Failed to parse Date value '2022-05-10': Unparseable date: "2022-05-10")
 at [Source: (PushbackInputStream); line: 1, column: 39] (through reference chain: com.zhongshan.entity.PublicExpense["beginDate"])
2022-05-10 16:42:21,299 [http-nio-8888-exec-4] ERROR [c.z.exceptionhandler.GlobalExceptionHandler] GlobalExceptionHandler.java:17 - JSON parse error: Cannot deserialize value of type `java.util.Date` from String "2022-05-02": not a valid representation (error: Failed to parse Date value '2022-05-02': Unparseable date: "2022-05-02"); nested exception is com.fasterxml.jackson.databind.exc.InvalidFormatException: Cannot deserialize value of type `java.util.Date` from String "2022-05-02": not a valid representation (error: Failed to parse Date value '2022-05-02': Unparseable date: "2022-05-02")
 at [Source: (PushbackInputStream); line: 1, column: 39] (through reference chain: com.zhongshan.entity.PublicExpense["beginDate"])
2022-05-10 16:42:23,870 [http-nio-8888-exec-6] ERROR [c.z.exceptionhandler.GlobalExceptionHandler] GlobalExceptionHandler.java:17 - JSON parse error: Cannot deserialize value of type `java.util.Date` from String "2022-05-02": not a valid representation (error: Failed to parse Date value '2022-05-02': Unparseable date: "2022-05-02"); nested exception is com.fasterxml.jackson.databind.exc.InvalidFormatException: Cannot deserialize value of type `java.util.Date` from String "2022-05-02": not a valid representation (error: Failed to parse Date value '2022-05-02': Unparseable date: "2022-05-02")
 at [Source: (PushbackInputStream); line: 1, column: 39] (through reference chain: com.zhongshan.entity.PublicExpense["beginDate"])
2022-05-10 16:42:24,036 [http-nio-8888-exec-10] ERROR [c.z.exceptionhandler.GlobalExceptionHandler] GlobalExceptionHandler.java:17 - JSON parse error: Cannot deserialize value of type `java.util.Date` from String "2022-05-02": not a valid representation (error: Failed to parse Date value '2022-05-02': Unparseable date: "2022-05-02"); nested exception is com.fasterxml.jackson.databind.exc.InvalidFormatException: Cannot deserialize value of type `java.util.Date` from String "2022-05-02": not a valid representation (error: Failed to parse Date value '2022-05-02': Unparseable date: "2022-05-02")
 at [Source: (PushbackInputStream); line: 1, column: 39] (through reference chain: com.zhongshan.entity.PublicExpense["beginDate"])
2022-05-10 16:42:24,197 [http-nio-8888-exec-12] ERROR [c.z.exceptionhandler.GlobalExceptionHandler] GlobalExceptionHandler.java:17 - JSON parse error: Cannot deserialize value of type `java.util.Date` from String "2022-05-02": not a valid representation (error: Failed to parse Date value '2022-05-02': Unparseable date: "2022-05-02"); nested exception is com.fasterxml.jackson.databind.exc.InvalidFormatException: Cannot deserialize value of type `java.util.Date` from String "2022-05-02": not a valid representation (error: Failed to parse Date value '2022-05-02': Unparseable date: "2022-05-02")
 at [Source: (PushbackInputStream); line: 1, column: 39] (through reference chain: com.zhongshan.entity.PublicExpense["beginDate"])
2022-05-10 16:42:24,359 [http-nio-8888-exec-18] ERROR [c.z.exceptionhandler.GlobalExceptionHandler] GlobalExceptionHandler.java:17 - JSON parse error: Cannot deserialize value of type `java.util.Date` from String "2022-05-02": not a valid representation (error: Failed to parse Date value '2022-05-02': Unparseable date: "2022-05-02"); nested exception is com.fasterxml.jackson.databind.exc.InvalidFormatException: Cannot deserialize value of type `java.util.Date` from String "2022-05-02": not a valid representation (error: Failed to parse Date value '2022-05-02': Unparseable date: "2022-05-02")
 at [Source: (PushbackInputStream); line: 1, column: 39] (through reference chain: com.zhongshan.entity.PublicExpense["beginDate"])
2022-05-10 16:43:23,607 [http-nio-8888-exec-15] ERROR [c.z.exceptionhandler.GlobalExceptionHandler] GlobalExceptionHandler.java:17 - JSON parse error: Cannot deserialize value of type `java.util.Date` from String "2022-05-02": not a valid representation (error: Failed to parse Date value '2022-05-02': Unparseable date: "2022-05-02"); nested exception is com.fasterxml.jackson.databind.exc.InvalidFormatException: Cannot deserialize value of type `java.util.Date` from String "2022-05-02": not a valid representation (error: Failed to parse Date value '2022-05-02': Unparseable date: "2022-05-02")
 at [Source: (PushbackInputStream); line: 1, column: 39] (through reference chain: com.zhongshan.entity.PublicExpense["beginDate"])
2022-05-10 16:43:29,504 [http-nio-8888-exec-13] ERROR [c.z.exceptionhandler.GlobalExceptionHandler] GlobalExceptionHandler.java:17 - JSON parse error: Cannot deserialize value of type `java.util.Date` from String "2022-05-02": not a valid representation (error: Failed to parse Date value '2022-05-02': Unparseable date: "2022-05-02"); nested exception is com.fasterxml.jackson.databind.exc.InvalidFormatException: Cannot deserialize value of type `java.util.Date` from String "2022-05-02": not a valid representation (error: Failed to parse Date value '2022-05-02': Unparseable date: "2022-05-02")
 at [Source: (PushbackInputStream); line: 1, column: 39] (through reference chain: com.zhongshan.entity.PublicExpense["beginDate"])
2022-05-10 16:43:30,357 [http-nio-8888-exec-25] ERROR [c.z.exceptionhandler.GlobalExceptionHandler] GlobalExceptionHandler.java:17 - JSON parse error: Cannot deserialize value of type `java.util.Date` from String "2022-05-02": not a valid representation (error: Failed to parse Date value '2022-05-02': Unparseable date: "2022-05-02"); nested exception is com.fasterxml.jackson.databind.exc.InvalidFormatException: Cannot deserialize value of type `java.util.Date` from String "2022-05-02": not a valid representation (error: Failed to parse Date value '2022-05-02': Unparseable date: "2022-05-02")
 at [Source: (PushbackInputStream); line: 1, column: 39] (through reference chain: com.zhongshan.entity.PublicExpense["beginDate"])
2022-05-10 16:43:30,742 [http-nio-8888-exec-23] ERROR [c.z.exceptionhandler.GlobalExceptionHandler] GlobalExceptionHandler.java:17 - JSON parse error: Cannot deserialize value of type `java.util.Date` from String "2022-05-02": not a valid representation (error: Failed to parse Date value '2022-05-02': Unparseable date: "2022-05-02"); nested exception is com.fasterxml.jackson.databind.exc.InvalidFormatException: Cannot deserialize value of type `java.util.Date` from String "2022-05-02": not a valid representation (error: Failed to parse Date value '2022-05-02': Unparseable date: "2022-05-02")
 at [Source: (PushbackInputStream); line: 1, column: 39] (through reference chain: com.zhongshan.entity.PublicExpense["beginDate"])
2022-05-10 16:43:30,930 [http-nio-8888-exec-28] ERROR [c.z.exceptionhandler.GlobalExceptionHandler] GlobalExceptionHandler.java:17 - JSON parse error: Cannot deserialize value of type `java.util.Date` from String "2022-05-02": not a valid representation (error: Failed to parse Date value '2022-05-02': Unparseable date: "2022-05-02"); nested exception is com.fasterxml.jackson.databind.exc.InvalidFormatException: Cannot deserialize value of type `java.util.Date` from String "2022-05-02": not a valid representation (error: Failed to parse Date value '2022-05-02': Unparseable date: "2022-05-02")
 at [Source: (PushbackInputStream); line: 1, column: 39] (through reference chain: com.zhongshan.entity.PublicExpense["beginDate"])
2022-05-10 16:43:31,097 [http-nio-8888-exec-11] ERROR [c.z.exceptionhandler.GlobalExceptionHandler] GlobalExceptionHandler.java:17 - JSON parse error: Cannot deserialize value of type `java.util.Date` from String "2022-05-02": not a valid representation (error: Failed to parse Date value '2022-05-02': Unparseable date: "2022-05-02"); nested exception is com.fasterxml.jackson.databind.exc.InvalidFormatException: Cannot deserialize value of type `java.util.Date` from String "2022-05-02": not a valid representation (error: Failed to parse Date value '2022-05-02': Unparseable date: "2022-05-02")
 at [Source: (PushbackInputStream); line: 1, column: 39] (through reference chain: com.zhongshan.entity.PublicExpense["beginDate"])
2022-05-10 16:43:31,436 [http-nio-8888-exec-20] ERROR [c.z.exceptionhandler.GlobalExceptionHandler] GlobalExceptionHandler.java:17 - JSON parse error: Cannot deserialize value of type `java.util.Date` from String "2022-05-02": not a valid representation (error: Failed to parse Date value '2022-05-02': Unparseable date: "2022-05-02"); nested exception is com.fasterxml.jackson.databind.exc.InvalidFormatException: Cannot deserialize value of type `java.util.Date` from String "2022-05-02": not a valid representation (error: Failed to parse Date value '2022-05-02': Unparseable date: "2022-05-02")
 at [Source: (PushbackInputStream); line: 1, column: 39] (through reference chain: com.zhongshan.entity.PublicExpense["beginDate"])
2022-05-10 16:45:19,079 [http-nio-8888-exec-26] ERROR [c.z.exceptionhandler.GlobalExceptionHandler] GlobalExceptionHandler.java:17 - JSON parse error: Cannot deserialize value of type `java.util.Date` from String "2022-05-02": not a valid representation (error: Failed to parse Date value '2022-05-02': Unparseable date: "2022-05-02"); nested exception is com.fasterxml.jackson.databind.exc.InvalidFormatException: Cannot deserialize value of type `java.util.Date` from String "2022-05-02": not a valid representation (error: Failed to parse Date value '2022-05-02': Unparseable date: "2022-05-02")
 at [Source: (PushbackInputStream); line: 1, column: 39] (through reference chain: com.zhongshan.entity.PublicExpense["beginDate"])
2022-05-10 16:46:01,352 [http-nio-8888-exec-8] ERROR [c.z.exceptionhandler.GlobalExceptionHandler] GlobalExceptionHandler.java:17 - JSON parse error: Cannot deserialize value of type `java.util.Date` from String "2022-05-09": not a valid representation (error: Failed to parse Date value '2022-05-09': Unparseable date: "2022-05-09"); nested exception is com.fasterxml.jackson.databind.exc.InvalidFormatException: Cannot deserialize value of type `java.util.Date` from String "2022-05-09": not a valid representation (error: Failed to parse Date value '2022-05-09': Unparseable date: "2022-05-09")
 at [Source: (PushbackInputStream); line: 1, column: 39] (through reference chain: com.zhongshan.entity.PublicExpense["beginDate"])
2022-05-10 16:46:09,109 [http-nio-8888-exec-3] ERROR [c.z.exceptionhandler.GlobalExceptionHandler] GlobalExceptionHandler.java:17 - JSON parse error: Cannot deserialize value of type `java.util.Date` from String "2022-05-09": not a valid representation (error: Failed to parse Date value '2022-05-09': Unparseable date: "2022-05-09"); nested exception is com.fasterxml.jackson.databind.exc.InvalidFormatException: Cannot deserialize value of type `java.util.Date` from String "2022-05-09": not a valid representation (error: Failed to parse Date value '2022-05-09': Unparseable date: "2022-05-09")
 at [Source: (PushbackInputStream); line: 1, column: 39] (through reference chain: com.zhongshan.entity.PublicExpense["beginDate"])
2022-05-10 16:46:09,885 [http-nio-8888-exec-7] ERROR [c.z.exceptionhandler.GlobalExceptionHandler] GlobalExceptionHandler.java:17 - JSON parse error: Cannot deserialize value of type `java.util.Date` from String "2022-05-09": not a valid representation (error: Failed to parse Date value '2022-05-09': Unparseable date: "2022-05-09"); nested exception is com.fasterxml.jackson.databind.exc.InvalidFormatException: Cannot deserialize value of type `java.util.Date` from String "2022-05-09": not a valid representation (error: Failed to parse Date value '2022-05-09': Unparseable date: "2022-05-09")
 at [Source: (PushbackInputStream); line: 1, column: 39] (through reference chain: com.zhongshan.entity.PublicExpense["beginDate"])
2022-05-10 16:47:48,668 [http-nio-8888-exec-12] ERROR [c.z.exceptionhandler.GlobalExceptionHandler] GlobalExceptionHandler.java:17 - JSON parse error: Cannot deserialize value of type `java.util.Date` from String "2022-05-19": not a valid representation (error: Failed to parse Date value '2022-05-19': Unparseable date: "2022-05-19"); nested exception is com.fasterxml.jackson.databind.exc.InvalidFormatException: Cannot deserialize value of type `java.util.Date` from String "2022-05-19": not a valid representation (error: Failed to parse Date value '2022-05-19': Unparseable date: "2022-05-19")
 at [Source: (PushbackInputStream); line: 1, column: 225] (through reference chain: com.zhongshan.entity.PublicExpense["submitDate"])
2022-05-10 16:48:27,886 [http-nio-8888-exec-5] ERROR [c.z.exceptionhandler.GlobalExceptionHandler] GlobalExceptionHandler.java:17 - JSON parse error: Cannot deserialize value of type `java.util.Date` from String "2022-05-25": not a valid representation (error: Failed to parse Date value '2022-05-25': Unparseable date: "2022-05-25"); nested exception is com.fasterxml.jackson.databind.exc.InvalidFormatException: Cannot deserialize value of type `java.util.Date` from String "2022-05-25": not a valid representation (error: Failed to parse Date value '2022-05-25': Unparseable date: "2022-05-25")
 at [Source: (PushbackInputStream); line: 1, column: 39] (through reference chain: com.zhongshan.entity.PublicExpense["beginDate"])
2022-05-10 16:49:38,095 [http-nio-8888-exec-23] ERROR [c.z.exceptionhandler.GlobalExceptionHandler] GlobalExceptionHandler.java:17 - JSON parse error: Cannot deserialize value of type `java.util.Date` from String "2022-05-08": not a valid representation (error: Failed to parse Date value '2022-05-08': Unparseable date: "2022-05-08"); nested exception is com.fasterxml.jackson.databind.exc.InvalidFormatException: Cannot deserialize value of type `java.util.Date` from String "2022-05-08": not a valid representation (error: Failed to parse Date value '2022-05-08': Unparseable date: "2022-05-08")
 at [Source: (PushbackInputStream); line: 1, column: 39] (through reference chain: com.zhongshan.entity.PublicExpense["beginDate"])
2022-05-10 16:50:11,903 [http-nio-8888-exec-20] ERROR [c.z.exceptionhandler.GlobalExceptionHandler] GlobalExceptionHandler.java:17 - JSON parse error: Cannot deserialize value of type `java.util.Date` from String "2022-05-08": not a valid representation (error: Failed to parse Date value '2022-05-08': Unparseable date: "2022-05-08"); nested exception is com.fasterxml.jackson.databind.exc.InvalidFormatException: Cannot deserialize value of type `java.util.Date` from String "2022-05-08": not a valid representation (error: Failed to parse Date value '2022-05-08': Unparseable date: "2022-05-08")
 at [Source: (PushbackInputStream); line: 1, column: 39] (through reference chain: com.zhongshan.entity.PublicExpense["beginDate"])
2022-05-10 16:51:08,780 [http-nio-8888-exec-17] ERROR [c.z.exceptionhandler.GlobalExceptionHandler] GlobalExceptionHandler.java:17 - JSON parse error: Cannot deserialize value of type `java.util.Date` from String "2022-05-17": not a valid representation (error: Failed to parse Date value '2022-05-17': Unparseable date: "2022-05-17"); nested exception is com.fasterxml.jackson.databind.exc.InvalidFormatException: Cannot deserialize value of type `java.util.Date` from String "2022-05-17": not a valid representation (error: Failed to parse Date value '2022-05-17': Unparseable date: "2022-05-17")
 at [Source: (PushbackInputStream); line: 1, column: 39] (through reference chain: com.zhongshan.entity.PublicExpense["beginDate"])
2022-05-10 16:53:26,212 [http-nio-8888-exec-2] ERROR [c.z.exceptionhandler.GlobalExceptionHandler] GlobalExceptionHandler.java:17 - null
2022-05-10 16:54:05,138 [http-nio-8888-exec-12] ERROR [c.z.exceptionhandler.GlobalExceptionHandler] GlobalExceptionHandler.java:17 - JSON parse error: Cannot deserialize value of type `java.util.Date` from String "2022-05-08": not a valid representation (error: Failed to parse Date value '2022-05-08': Unparseable date: "2022-05-08"); nested exception is com.fasterxml.jackson.databind.exc.InvalidFormatException: Cannot deserialize value of type `java.util.Date` from String "2022-05-08": not a valid representation (error: Failed to parse Date value '2022-05-08': Unparseable date: "2022-05-08")
 at [Source: (PushbackInputStream); line: 1, column: 39] (through reference chain: com.zhongshan.entity.PublicExpense["beginDate"])
2022-05-10 16:54:16,819 [http-nio-8888-exec-18] ERROR [c.z.exceptionhandler.GlobalExceptionHandler] GlobalExceptionHandler.java:17 - null
2022-05-10 16:58:14,377 [http-nio-8888-exec-1] ERROR [c.z.exceptionhandler.GlobalExceptionHandler] GlobalExceptionHandler.java:17 - JSON parse error: Cannot deserialize value of type `java.util.Date` from String "2022-05-01": not a valid representation (error: Failed to parse Date value '2022-05-01': Unparseable date: "2022-05-01"); nested exception is com.fasterxml.jackson.databind.exc.InvalidFormatException: Cannot deserialize value of type `java.util.Date` from String "2022-05-01": not a valid representation (error: Failed to parse Date value '2022-05-01': Unparseable date: "2022-05-01")
 at [Source: (PushbackInputStream); line: 1, column: 39] (through reference chain: com.zhongshan.entity.PublicExpense["beginDate"])
2022-05-10 16:58:29,222 [http-nio-8888-exec-16] ERROR [c.z.exceptionhandler.GlobalExceptionHandler] GlobalExceptionHandler.java:17 - JSON parse error: Cannot deserialize value of type `java.util.Date` from String "2022-05-01": not a valid representation (error: Failed to parse Date value '2022-05-01': Unparseable date: "2022-05-01"); nested exception is com.fasterxml.jackson.databind.exc.InvalidFormatException: Cannot deserialize value of type `java.util.Date` from String "2022-05-01": not a valid representation (error: Failed to parse Date value '2022-05-01': Unparseable date: "2022-05-01")
 at [Source: (PushbackInputStream); line: 1, column: 39] (through reference chain: com.zhongshan.entity.PublicExpense["beginDate"])
2022-05-10 16:59:59,383 [http-nio-8888-exec-10] ERROR [c.z.exceptionhandler.GlobalExceptionHandler] GlobalExceptionHandler.java:17 - null
2022-05-10 17:01:21,821 [http-nio-8888-exec-29] ERROR [c.z.exceptionhandler.GlobalExceptionHandler] GlobalExceptionHandler.java:17 - null
2022-05-10 17:01:27,864 [http-nio-8888-exec-30] ERROR [c.z.exceptionhandler.GlobalExceptionHandler] GlobalExceptionHandler.java:17 - null
2022-05-10 17:03:34,884 [http-nio-8888-exec-12] ERROR [c.z.exceptionhandler.GlobalExceptionHandler] GlobalExceptionHandler.java:17 - null
2022-05-10 17:03:54,975 [http-nio-8888-exec-16] ERROR [c.z.exceptionhandler.GlobalExceptionHandler] GlobalExceptionHandler.java:17 - null
2022-05-10 17:06:45,363 [http-nio-8888-exec-23] ERROR [c.z.exceptionhandler.GlobalExceptionHandler] GlobalExceptionHandler.java:17 - null
2022-05-10 17:07:22,316 [http-nio-8888-exec-13] ERROR [c.z.exceptionhandler.GlobalExceptionHandler] GlobalExceptionHandler.java:17 - null
2022-05-10 17:14:19,072 [http-nio-8888-exec-19] ERROR [c.z.exceptionhandler.GlobalExceptionHandler] GlobalExceptionHandler.java:17 - null
2022-05-10 17:14:25,945 [http-nio-8888-exec-9] ERROR [c.z.exceptionhandler.GlobalExceptionHandler] GlobalExceptionHandler.java:17 - null
2022-05-10 17:14:59,175 [http-nio-8888-exec-24] ERROR [c.z.exceptionhandler.GlobalExceptionHandler] GlobalExceptionHandler.java:17 - null
2022-05-10 17:15:38,765 [http-nio-8888-exec-30] ERROR [c.z.exceptionhandler.GlobalExceptionHandler] GlobalExceptionHandler.java:17 - null
2022-05-10 17:21:38,245 [http-nio-8888-exec-20] ERROR [c.z.exceptionhandler.GlobalExceptionHandler] GlobalExceptionHandler.java:17 - null
2022-05-10 17:23:18,563 [http-nio-8888-exec-13] ERROR [c.z.exceptionhandler.GlobalExceptionHandler] GlobalExceptionHandler.java:17 - null
2022-05-10 17:24:01,432 [http-nio-8888-exec-17] ERROR [c.z.exceptionhandler.GlobalExceptionHandler] GlobalExceptionHandler.java:17 - null
2022-05-10 18:05:30,125 [http-nio-8888-exec-12] ERROR [c.z.exceptionhandler.GlobalExceptionHandler] GlobalExceptionHandler.java:17 - JSON parse error: Cannot deserialize value of type `java.lang.Double` from String "": not a valid Double value; nested exception is com.fasterxml.jackson.databind.exc.InvalidFormatException: Cannot deserialize value of type `java.lang.Double` from String "": not a valid Double value
 at [Source: (PushbackInputStream); line: 1, column: 73] (through reference chain: com.zhongshan.entity.StandardExpense["expense"])
2022-05-10 18:05:39,415 [http-nio-8888-exec-20] ERROR [c.z.exceptionhandler.GlobalExceptionHandler] GlobalExceptionHandler.java:17 - JSON parse error: Cannot deserialize value of type `java.lang.Double` from String "": not a valid Double value; nested exception is com.fasterxml.jackson.databind.exc.InvalidFormatException: Cannot deserialize value of type `java.lang.Double` from String "": not a valid Double value
 at [Source: (PushbackInputStream); line: 1, column: 73] (through reference chain: com.zhongshan.entity.StandardExpense["expense"])
2022-05-10 18:05:52,733 [http-nio-8888-exec-18] ERROR [c.z.exceptionhandler.GlobalExceptionHandler] GlobalExceptionHandler.java:17 - JSON parse error: Cannot deserialize value of type `java.lang.Double` from String "": not a valid Double value; nested exception is com.fasterxml.jackson.databind.exc.InvalidFormatException: Cannot deserialize value of type `java.lang.Double` from String "": not a valid Double value
 at [Source: (PushbackInputStream); line: 1, column: 66] (through reference chain: com.zhongshan.entity.StandardExpense["expense"])
2022-05-10 18:05:59,850 [http-nio-8888-exec-28] ERROR [c.z.exceptionhandler.GlobalExceptionHandler] GlobalExceptionHandler.java:17 - JSON parse error: Cannot deserialize value of type `java.lang.Double` from String "": not a valid Double value; nested exception is com.fasterxml.jackson.databind.exc.InvalidFormatException: Cannot deserialize value of type `java.lang.Double` from String "": not a valid Double value
 at [Source: (PushbackInputStream); line: 1, column: 66] (through reference chain: com.zhongshan.entity.StandardExpense["expense"])
2022-05-10 18:06:08,219 [http-nio-8888-exec-8] ERROR [c.z.exceptionhandler.GlobalExceptionHandler] GlobalExceptionHandler.java:17 - JSON parse error: Cannot deserialize value of type `java.util.Date` from String "2022-05-02": not a valid representation (error: Failed to parse Date value '2022-05-02': Unparseable date: "2022-05-02"); nested exception is com.fasterxml.jackson.databind.exc.InvalidFormatException: Cannot deserialize value of type `java.util.Date` from String "2022-05-02": not a valid representation (error: Failed to parse Date value '2022-05-02': Unparseable date: "2022-05-02")
 at [Source: (PushbackInputStream); line: 1, column: 39] (through reference chain: com.zhongshan.entity.PublicExpense["beginDate"])
2022-05-10 18:06:22,510 [http-nio-8888-exec-17] ERROR [c.z.exceptionhandler.GlobalExceptionHandler] GlobalExceptionHandler.java:17 - JSON parse error: Cannot deserialize value of type `java.util.Date` from String "2022-05-02": not a valid representation (error: Failed to parse Date value '2022-05-02': Unparseable date: "2022-05-02"); nested exception is com.fasterxml.jackson.databind.exc.InvalidFormatException: Cannot deserialize value of type `java.util.Date` from String "2022-05-02": not a valid representation (error: Failed to parse Date value '2022-05-02': Unparseable date: "2022-05-02")
 at [Source: (PushbackInputStream); line: 1, column: 39] (through reference chain: com.zhongshan.entity.PublicExpense["beginDate"])
2022-05-10 18:06:35,523 [http-nio-8888-exec-3] ERROR [c.z.exceptionhandler.GlobalExceptionHandler] GlobalExceptionHandler.java:17 - JSON parse error: Cannot deserialize value of type `java.util.Date` from String "2022-05-02": not a valid representation (error: Failed to parse Date value '2022-05-02': Unparseable date: "2022-05-02"); nested exception is com.fasterxml.jackson.databind.exc.InvalidFormatException: Cannot deserialize value of type `java.util.Date` from String "2022-05-02": not a valid representation (error: Failed to parse Date value '2022-05-02': Unparseable date: "2022-05-02")
 at [Source: (PushbackInputStream); line: 1, column: 39] (through reference chain: com.zhongshan.entity.PublicExpense["beginDate"])
2022-05-10 18:06:52,219 [http-nio-8888-exec-21] ERROR [c.z.exceptionhandler.GlobalExceptionHandler] GlobalExceptionHandler.java:17 - JSON parse error: Cannot deserialize value of type `java.util.Date` from String "2022-05-02": not a valid representation (error: Failed to parse Date value '2022-05-02': Unparseable date: "2022-05-02"); nested exception is com.fasterxml.jackson.databind.exc.InvalidFormatException: Cannot deserialize value of type `java.util.Date` from String "2022-05-02": not a valid representation (error: Failed to parse Date value '2022-05-02': Unparseable date: "2022-05-02")
 at [Source: (PushbackInputStream); line: 1, column: 39] (through reference chain: com.zhongshan.entity.PublicExpense["beginDate"])
2022-05-10 18:08:02,260 [http-nio-8888-exec-11] ERROR [c.z.exceptionhandler.GlobalExceptionHandler] GlobalExceptionHandler.java:17 - JSON parse error: Cannot deserialize value of type `java.lang.Double` from String "": not a valid Double value; nested exception is com.fasterxml.jackson.databind.exc.InvalidFormatException: Cannot deserialize value of type `java.lang.Double` from String "": not a valid Double value
 at [Source: (PushbackInputStream); line: 1, column: 62] (through reference chain: com.zhongshan.entity.StandardExpense["expense"])
2022-05-10 18:08:06,540 [http-nio-8888-exec-29] ERROR [c.z.exceptionhandler.GlobalExceptionHandler] GlobalExceptionHandler.java:17 - JSON parse error: Cannot deserialize value of type `java.lang.Double` from String "": not a valid Double value; nested exception is com.fasterxml.jackson.databind.exc.InvalidFormatException: Cannot deserialize value of type `java.lang.Double` from String "": not a valid Double value
 at [Source: (PushbackInputStream); line: 1, column: 62] (through reference chain: com.zhongshan.entity.StandardExpense["expense"])
2022-05-10 18:13:03,489 [http-nio-8888-exec-8] ERROR [c.z.exceptionhandler.GlobalExceptionHandler] GlobalExceptionHandler.java:17 - JSON parse error: Cannot deserialize value of type `java.util.Date` from String "2022-05-01": not a valid representation (error: Failed to parse Date value '2022-05-01': Unparseable date: "2022-05-01"); nested exception is com.fasterxml.jackson.databind.exc.InvalidFormatException: Cannot deserialize value of type `java.util.Date` from String "2022-05-01": not a valid representation (error: Failed to parse Date value '2022-05-01': Unparseable date: "2022-05-01")
 at [Source: (PushbackInputStream); line: 1, column: 39] (through reference chain: com.zhongshan.entity.PublicExpense["beginDate"])
2022-05-10 18:13:08,317 [http-nio-8888-exec-17] ERROR [c.z.exceptionhandler.GlobalExceptionHandler] GlobalExceptionHandler.java:17 - JSON parse error: Cannot deserialize value of type `java.util.Date` from String "2022-05-01": not a valid representation (error: Failed to parse Date value '2022-05-01': Unparseable date: "2022-05-01"); nested exception is com.fasterxml.jackson.databind.exc.InvalidFormatException: Cannot deserialize value of type `java.util.Date` from String "2022-05-01": not a valid representation (error: Failed to parse Date value '2022-05-01': Unparseable date: "2022-05-01")
 at [Source: (PushbackInputStream); line: 1, column: 39] (through reference chain: com.zhongshan.entity.PublicExpense["beginDate"])
2022-05-10 18:16:11,901 [http-nio-8888-exec-14] ERROR [c.z.exceptionhandler.GlobalExceptionHandler] GlobalExceptionHandler.java:17 - JSON parse error: Cannot deserialize value of type `java.util.Date` from String "2022-05-01": not a valid representation (error: Failed to parse Date value '2022-05-01': Unparseable date: "2022-05-01"); nested exception is com.fasterxml.jackson.databind.exc.InvalidFormatException: Cannot deserialize value of type `java.util.Date` from String "2022-05-01": not a valid representation (error: Failed to parse Date value '2022-05-01': Unparseable date: "2022-05-01")
 at [Source: (PushbackInputStream); line: 1, column: 39] (through reference chain: com.zhongshan.entity.PublicExpense["beginDate"])
2022-05-10 18:17:37,617 [http-nio-8888-exec-2] ERROR [c.z.exceptionhandler.GlobalExceptionHandler] GlobalExceptionHandler.java:17 - 
### Error updating database.  Cause: java.sql.SQLIntegrityConstraintViolationException: Column 'person_no' cannot be null
### The error may exist in com/zhongshan/mapper/PublicExpenseMapper.java (best guess)
### The error may involve com.zhongshan.mapper.PublicExpenseMapper.insert-Inline
### The error occurred while setting parameters
### SQL: INSERT INTO public_expense  ( person_no, person_name, begin_date, end_date, in_days, charge_for_medicine, charge_for_check, charge_for_bed, other_charge, level_no, symptom_no, orga_total, person_total, submit_date, remarks, sequence_no, charge_standard )  VALUES  ( ?, ?, ?, ?, ?, ?, ?, ?, ?, ?, ?, ?, ?, ?, ?, ?, ? )
### Cause: java.sql.SQLIntegrityConstraintViolationException: Column 'person_no' cannot be null
; Column 'person_no' cannot be null; nested exception is java.sql.SQLIntegrityConstraintViolationException: Column 'person_no' cannot be null
2022-05-10 18:19:17,100 [http-nio-8888-exec-4] ERROR [c.z.exceptionhandler.GlobalExceptionHandler] GlobalExceptionHandler.java:17 - 
### Error updating database.  Cause: com.mysql.cj.jdbc.exceptions.MysqlDataTruncation: Data truncation: Data too long for column 'person_no' at row 1
### The error may exist in com/zhongshan/mapper/PublicExpenseMapper.java (best guess)
### The error may involve com.zhongshan.mapper.PublicExpenseMapper.insert-Inline
### The error occurred while setting parameters
### SQL: INSERT INTO public_expense  ( person_no, person_name, begin_date, end_date, in_days, charge_for_medicine, charge_for_check, charge_for_bed, other_charge, level_no, symptom_no, orga_total, person_total, submit_date, remarks, sequence_no, charge_standard )  VALUES  ( ?, ?, ?, ?, ?, ?, ?, ?, ?, ?, ?, ?, ?, ?, ?, ?, ? )
### Cause: com.mysql.cj.jdbc.exceptions.MysqlDataTruncation: Data truncation: Data too long for column 'person_no' at row 1
; Data truncation: Data too long for column 'person_no' at row 1; nested exception is com.mysql.cj.jdbc.exceptions.MysqlDataTruncation: Data truncation: Data too long for column 'person_no' at row 1
2022-05-10 18:22:32,446 [http-nio-8888-exec-17] ERROR [c.z.exceptionhandler.GlobalExceptionHandler] GlobalExceptionHandler.java:17 - 
### Error updating database.  Cause: com.mysql.cj.jdbc.exceptions.MysqlDataTruncation: Data truncation: Data too long for column 'Level_no' at row 1
### The error may exist in com/zhongshan/mapper/PublicExpenseMapper.java (best guess)
### The error may involve com.zhongshan.mapper.PublicExpenseMapper.insert-Inline
### The error occurred while setting parameters
### SQL: INSERT INTO public_expense  ( person_no, person_name, begin_date, end_date, in_days, charge_for_medicine, charge_for_check, charge_for_bed, other_charge, level_no, symptom_no, orga_total, person_total, submit_date, remarks, sequence_no, charge_standard )  VALUES  ( ?, ?, ?, ?, ?, ?, ?, ?, ?, ?, ?, ?, ?, ?, ?, ?, ? )
### Cause: com.mysql.cj.jdbc.exceptions.MysqlDataTruncation: Data truncation: Data too long for column 'Level_no' at row 1
; Data truncation: Data too long for column 'Level_no' at row 1; nested exception is com.mysql.cj.jdbc.exceptions.MysqlDataTruncation: Data truncation: Data too long for column 'Level_no' at row 1
2022-05-10 18:22:39,778 [http-nio-8888-exec-18] ERROR [c.z.exceptionhandler.GlobalExceptionHandler] GlobalExceptionHandler.java:17 - 
### Error updating database.  Cause: com.mysql.cj.jdbc.exceptions.MysqlDataTruncation: Data truncation: Data too long for column 'Level_no' at row 1
### The error may exist in com/zhongshan/mapper/PublicExpenseMapper.java (best guess)
### The error may involve com.zhongshan.mapper.PublicExpenseMapper.insert-Inline
### The error occurred while setting parameters
### SQL: INSERT INTO public_expense  ( person_no, person_name, begin_date, end_date, in_days, charge_for_medicine, charge_for_check, charge_for_bed, other_charge, level_no, symptom_no, orga_total, person_total, submit_date, remarks, sequence_no, charge_standard )  VALUES  ( ?, ?, ?, ?, ?, ?, ?, ?, ?, ?, ?, ?, ?, ?, ?, ?, ? )
### Cause: com.mysql.cj.jdbc.exceptions.MysqlDataTruncation: Data truncation: Data too long for column 'Level_no' at row 1
; Data truncation: Data too long for column 'Level_no' at row 1; nested exception is com.mysql.cj.jdbc.exceptions.MysqlDataTruncation: Data truncation: Data too long for column 'Level_no' at row 1
2022-05-10 18:31:01,457 [http-nio-8888-exec-11] ERROR [c.z.exceptionhandler.GlobalExceptionHandler] GlobalExceptionHandler.java:17 - Required List parameter 'idList' is not present
